Args in experiment:
Namespace(is_training=1, model_id='PEMS08_2016_WithWeather', model='CAST', data='PEMS_Climate', root_path='./dataset/PEMSD4/', data_path='PEMS08_2016_Fused_Norm.npz', features='M', target='OT', freq='h', checkpoints='./checkpoints/', seq_len=96, label_len=48, pred_len=12, inverse=False, seasonal_patterns='Monthly', weather_dim=12, ablation_mode='original', use_future_weather=1, has_weather=1, dataset_group='standard', output_attention=False, enc_in=170, dec_in=170, c_out=170, d_model=64, d_core=64, n_heads=8, e_layers=2, d_ff=2048, dropout=0.05, use_norm=1, activation='gelu', embed='timeF', num_workers=0, itr=1, train_epochs=30, batch_size=32, patience=10, learning_rate=0.003, loss='mse', lradj='type1', use_amp=False, use_gpu=True, gpu=0, use_multi_gpu=False, devices='0,1')
Use GPU: cuda:0
>>>>>>>start training : PEMS08_2016_WithWeather_CAST_PEMS_Climate_ftM_sl96_ll48_pl12_dm64_el2_df2048_eb170_weather_future_0>>>>>>>>>>>>>>>>>>>>>>>>>>
train 12392
val 1775
test 3560
Epoch 1: [Warm-up] Aligner Frozen.
	iters: 100, epoch: 1 | loss: 0.1408034 (reg: 0.89933)
	iters: 200, epoch: 1 | loss: 0.1031390 (reg: 0.82478)
	iters: 300, epoch: 1 | loss: 0.1099416 (reg: 0.85825)
Epoch: 1 cost time: 8.858492374420166
Epoch: 1, Steps: 387 | Train Loss: 0.1308788 Vali Loss: 0.0958834 Test Loss: 0.0903348
Validation loss decreased (inf --> 0.095883).  Saving model ...
Updating learning rate to 0.003
Epoch 2: [Warm-up] Aligner Frozen.
	iters: 100, epoch: 2 | loss: 0.1066326 (reg: 0.82792)
	iters: 200, epoch: 2 | loss: 0.0923947 (reg: 0.83730)
	iters: 300, epoch: 2 | loss: 0.0920964 (reg: 0.87354)
Epoch: 2 cost time: 7.530789136886597
Epoch: 2, Steps: 387 | Train Loss: 0.0991966 Vali Loss: 0.0935427 Test Loss: 0.0885279
Validation loss decreased (0.095883 --> 0.093543).  Saving model ...
Updating learning rate to 0.0015
Epoch 3: [Warm-up] Aligner Frozen.
	iters: 100, epoch: 3 | loss: 0.1017102 (reg: 0.84996)
	iters: 200, epoch: 3 | loss: 0.0708689 (reg: 0.87805)
	iters: 300, epoch: 3 | loss: 0.0940232 (reg: 0.88223)
Epoch: 3 cost time: 7.46626091003418
Epoch: 3, Steps: 387 | Train Loss: 0.0913442 Vali Loss: 0.0889760 Test Loss: 0.0841399
Validation loss decreased (0.093543 --> 0.088976).  Saving model ...
Updating learning rate to 0.00075
Epoch 4: [Training] Aligner Unfrozen.
	iters: 100, epoch: 4 | loss: 0.0801285 (reg: 0.03790)
	iters: 200, epoch: 4 | loss: 0.0795376 (reg: 0.02574)
	iters: 300, epoch: 4 | loss: 0.0719674 (reg: 0.01250)
Epoch: 4 cost time: 8.072208166122437
Epoch: 4, Steps: 387 | Train Loss: 0.0872750 Vali Loss: 0.0884842 Test Loss: 0.0826633
Validation loss decreased (0.088976 --> 0.088484).  Saving model ...
Updating learning rate to 0.000375
	iters: 100, epoch: 5 | loss: 0.0918687 (reg: 0.01010)
	iters: 200, epoch: 5 | loss: 0.0846943 (reg: 0.01078)
	iters: 300, epoch: 5 | loss: 0.0937010 (reg: 0.00968)
Epoch: 5 cost time: 8.050257444381714
Epoch: 5, Steps: 387 | Train Loss: 0.0856588 Vali Loss: 0.0860361 Test Loss: 0.0800375
Validation loss decreased (0.088484 --> 0.086036).  Saving model ...
Updating learning rate to 0.0001875
	iters: 100, epoch: 6 | loss: 0.0852175 (reg: 0.00561)
	iters: 200, epoch: 6 | loss: 0.0747701 (reg: 0.00484)
	iters: 300, epoch: 6 | loss: 0.0957150 (reg: 0.00532)
Epoch: 6 cost time: 8.136993408203125
Epoch: 6, Steps: 387 | Train Loss: 0.0848224 Vali Loss: 0.0854527 Test Loss: 0.0799072
Validation loss decreased (0.086036 --> 0.085453).  Saving model ...
Updating learning rate to 9.375e-05
	iters: 100, epoch: 7 | loss: 0.0735110 (reg: 0.00394)
	iters: 200, epoch: 7 | loss: 0.0692356 (reg: 0.00316)
	iters: 300, epoch: 7 | loss: 0.0849827 (reg: 0.00396)
Epoch: 7 cost time: 8.19395899772644
Epoch: 7, Steps: 387 | Train Loss: 0.0842992 Vali Loss: 0.0854701 Test Loss: 0.0798088
EarlyStopping counter: 1 out of 10
Updating learning rate to 4.6875e-05
	iters: 100, epoch: 8 | loss: 0.0725528 (reg: 0.00311)
	iters: 200, epoch: 8 | loss: 0.0869601 (reg: 0.00362)
	iters: 300, epoch: 8 | loss: 0.0809414 (reg: 0.00348)
Epoch: 8 cost time: 7.982450246810913
Epoch: 8, Steps: 387 | Train Loss: 0.0840403 Vali Loss: 0.0852742 Test Loss: 0.0796930
Validation loss decreased (0.085453 --> 0.085274).  Saving model ...
Updating learning rate to 2.34375e-05
	iters: 100, epoch: 9 | loss: 0.0858617 (reg: 0.00392)
	iters: 200, epoch: 9 | loss: 0.0796449 (reg: 0.00307)
	iters: 300, epoch: 9 | loss: 0.0818731 (reg: 0.00473)
Epoch: 9 cost time: 6.376877307891846
Epoch: 9, Steps: 387 | Train Loss: 0.0838952 Vali Loss: 0.0850775 Test Loss: 0.0795214
Validation loss decreased (0.085274 --> 0.085078).  Saving model ...
Updating learning rate to 1.171875e-05
	iters: 100, epoch: 10 | loss: 0.0733059 (reg: 0.00397)
	iters: 200, epoch: 10 | loss: 0.0920529 (reg: 0.00361)
	iters: 300, epoch: 10 | loss: 0.0775029 (reg: 0.00458)
Epoch: 10 cost time: 6.426445007324219
Epoch: 10, Steps: 387 | Train Loss: 0.0838107 Vali Loss: 0.0853275 Test Loss: 0.0795467
EarlyStopping counter: 1 out of 10
Updating learning rate to 5.859375e-06
	iters: 100, epoch: 11 | loss: 0.0770535 (reg: 0.00427)
	iters: 200, epoch: 11 | loss: 0.0800072 (reg: 0.00347)
	iters: 300, epoch: 11 | loss: 0.0799350 (reg: 0.00433)
Epoch: 11 cost time: 6.434142589569092
Epoch: 11, Steps: 387 | Train Loss: 0.0837364 Vali Loss: 0.0850723 Test Loss: 0.0793100
Validation loss decreased (0.085078 --> 0.085072).  Saving model ...
Updating learning rate to 2.9296875e-06
	iters: 100, epoch: 12 | loss: 0.0897055 (reg: 0.00382)
	iters: 200, epoch: 12 | loss: 0.0802002 (reg: 0.00493)
	iters: 300, epoch: 12 | loss: 0.0825298 (reg: 0.00326)
Epoch: 12 cost time: 6.474614381790161
Epoch: 12, Steps: 387 | Train Loss: 0.0837909 Vali Loss: 0.0851869 Test Loss: 0.0794281
EarlyStopping counter: 1 out of 10
Updating learning rate to 1.46484375e-06
	iters: 100, epoch: 13 | loss: 0.0890726 (reg: 0.00354)
	iters: 200, epoch: 13 | loss: 0.0862742 (reg: 0.00242)
	iters: 300, epoch: 13 | loss: 0.0871607 (reg: 0.00381)
Epoch: 13 cost time: 6.521383285522461
Epoch: 13, Steps: 387 | Train Loss: 0.0837567 Vali Loss: 0.0849105 Test Loss: 0.0793891
Validation loss decreased (0.085072 --> 0.084911).  Saving model ...
Updating learning rate to 7.32421875e-07
	iters: 100, epoch: 14 | loss: 0.0889521 (reg: 0.00335)
	iters: 200, epoch: 14 | loss: 0.0723119 (reg: 0.00294)
	iters: 300, epoch: 14 | loss: 0.0867495 (reg: 0.00308)
Epoch: 14 cost time: 6.4473419189453125
Epoch: 14, Steps: 387 | Train Loss: 0.0837215 Vali Loss: 0.0850934 Test Loss: 0.0793710
EarlyStopping counter: 1 out of 10
Updating learning rate to 3.662109375e-07
	iters: 100, epoch: 15 | loss: 0.0890163 (reg: 0.00355)
	iters: 200, epoch: 15 | loss: 0.1082281 (reg: 0.00390)
	iters: 300, epoch: 15 | loss: 0.0632293 (reg: 0.00279)
Epoch: 15 cost time: 6.498068332672119
Epoch: 15, Steps: 387 | Train Loss: 0.0837160 Vali Loss: 0.0849538 Test Loss: 0.0793987
EarlyStopping counter: 2 out of 10
Updating learning rate to 1.8310546875e-07
	iters: 100, epoch: 16 | loss: 0.0859951 (reg: 0.00301)
	iters: 200, epoch: 16 | loss: 0.0693034 (reg: 0.00226)
	iters: 300, epoch: 16 | loss: 0.0787955 (reg: 0.00451)
Epoch: 16 cost time: 6.454470157623291
Epoch: 16, Steps: 387 | Train Loss: 0.0837152 Vali Loss: 0.0849926 Test Loss: 0.0794114
EarlyStopping counter: 3 out of 10
Updating learning rate to 9.1552734375e-08
	iters: 100, epoch: 17 | loss: 0.0966681 (reg: 0.00370)
	iters: 200, epoch: 17 | loss: 0.0903188 (reg: 0.00213)
	iters: 300, epoch: 17 | loss: 0.0876737 (reg: 0.00391)
Epoch: 17 cost time: 6.339497089385986
Epoch: 17, Steps: 387 | Train Loss: 0.0837324 Vali Loss: 0.0850890 Test Loss: 0.0793992
EarlyStopping counter: 4 out of 10
Updating learning rate to 4.57763671875e-08
	iters: 100, epoch: 18 | loss: 0.0971102 (reg: 0.00405)
	iters: 200, epoch: 18 | loss: 0.0773424 (reg: 0.00326)
	iters: 300, epoch: 18 | loss: 0.0763325 (reg: 0.00221)
Epoch: 18 cost time: 6.564091205596924
Epoch: 18, Steps: 387 | Train Loss: 0.0837461 Vali Loss: 0.0849146 Test Loss: 0.0794003
EarlyStopping counter: 5 out of 10
Updating learning rate to 2.288818359375e-08
	iters: 100, epoch: 19 | loss: 0.0981694 (reg: 0.00313)
	iters: 200, epoch: 19 | loss: 0.0799717 (reg: 0.00351)
	iters: 300, epoch: 19 | loss: 0.0926831 (reg: 0.00426)
Epoch: 19 cost time: 6.539057016372681
Epoch: 19, Steps: 387 | Train Loss: 0.0837067 Vali Loss: 0.0851295 Test Loss: 0.0794010
EarlyStopping counter: 6 out of 10
Updating learning rate to 1.1444091796875e-08
	iters: 100, epoch: 20 | loss: 0.0941320 (reg: 0.00346)
	iters: 200, epoch: 20 | loss: 0.0918448 (reg: 0.00375)
	iters: 300, epoch: 20 | loss: 0.0838384 (reg: 0.00389)
Epoch: 20 cost time: 6.452352285385132
Epoch: 20, Steps: 387 | Train Loss: 0.0837473 Vali Loss: 0.0851583 Test Loss: 0.0794005
EarlyStopping counter: 7 out of 10
Updating learning rate to 5.7220458984375e-09
	iters: 100, epoch: 21 | loss: 0.0826230 (reg: 0.00352)
	iters: 200, epoch: 21 | loss: 0.0826713 (reg: 0.00277)
	iters: 300, epoch: 21 | loss: 0.0843906 (reg: 0.00318)
Epoch: 21 cost time: 6.438860177993774
Epoch: 21, Steps: 387 | Train Loss: 0.0837314 Vali Loss: 0.0850500 Test Loss: 0.0794005
EarlyStopping counter: 8 out of 10
Updating learning rate to 2.86102294921875e-09
	iters: 100, epoch: 22 | loss: 0.0746009 (reg: 0.00243)
	iters: 200, epoch: 22 | loss: 0.0882895 (reg: 0.00325)
	iters: 300, epoch: 22 | loss: 0.0865352 (reg: 0.00411)
Epoch: 22 cost time: 6.472600221633911
Epoch: 22, Steps: 387 | Train Loss: 0.0836980 Vali Loss: 0.0848790 Test Loss: 0.0794005
Validation loss decreased (0.084911 --> 0.084879).  Saving model ...
Updating learning rate to 1.430511474609375e-09
	iters: 100, epoch: 23 | loss: 0.0930343 (reg: 0.00367)
	iters: 200, epoch: 23 | loss: 0.0887825 (reg: 0.00349)
	iters: 300, epoch: 23 | loss: 0.0703266 (reg: 0.00347)
Epoch: 23 cost time: 6.394098997116089
Epoch: 23, Steps: 387 | Train Loss: 0.0837359 Vali Loss: 0.0850562 Test Loss: 0.0794005
EarlyStopping counter: 1 out of 10
Updating learning rate to 7.152557373046875e-10
	iters: 100, epoch: 24 | loss: 0.0701967 (reg: 0.00273)
	iters: 200, epoch: 24 | loss: 0.0880320 (reg: 0.00314)
	iters: 300, epoch: 24 | loss: 0.0825054 (reg: 0.00297)
Epoch: 24 cost time: 6.420048236846924
Epoch: 24, Steps: 387 | Train Loss: 0.0836914 Vali Loss: 0.0850758 Test Loss: 0.0794005
EarlyStopping counter: 2 out of 10
Updating learning rate to 3.5762786865234376e-10
	iters: 100, epoch: 25 | loss: 0.0857006 (reg: 0.00266)
	iters: 200, epoch: 25 | loss: 0.0941881 (reg: 0.00364)
	iters: 300, epoch: 25 | loss: 0.0852250 (reg: 0.00401)
Epoch: 25 cost time: 5.341806411743164
Epoch: 25, Steps: 387 | Train Loss: 0.0837150 Vali Loss: 0.0849910 Test Loss: 0.0794005
EarlyStopping counter: 3 out of 10
Updating learning rate to 1.7881393432617188e-10
	iters: 100, epoch: 26 | loss: 0.0925079 (reg: 0.00374)
	iters: 200, epoch: 26 | loss: 0.0789569 (reg: 0.00398)
	iters: 300, epoch: 26 | loss: 0.0774221 (reg: 0.00330)
Epoch: 26 cost time: 4.485241174697876
Epoch: 26, Steps: 387 | Train Loss: 0.0837115 Vali Loss: 0.0849551 Test Loss: 0.0794005
EarlyStopping counter: 4 out of 10
Updating learning rate to 8.940696716308594e-11
	iters: 100, epoch: 27 | loss: 0.0734312 (reg: 0.00327)
	iters: 200, epoch: 27 | loss: 0.0805676 (reg: 0.00301)
	iters: 300, epoch: 27 | loss: 0.0864457 (reg: 0.00365)
Epoch: 27 cost time: 4.456930875778198
Epoch: 27, Steps: 387 | Train Loss: 0.0837011 Vali Loss: 0.0850540 Test Loss: 0.0794005
EarlyStopping counter: 5 out of 10
Updating learning rate to 4.470348358154297e-11
	iters: 100, epoch: 28 | loss: 0.0951761 (reg: 0.00265)
	iters: 200, epoch: 28 | loss: 0.0923770 (reg: 0.00339)
	iters: 300, epoch: 28 | loss: 0.0807530 (reg: 0.00396)
Epoch: 28 cost time: 4.372628927230835
Epoch: 28, Steps: 387 | Train Loss: 0.0836864 Vali Loss: 0.0851873 Test Loss: 0.0794005
EarlyStopping counter: 6 out of 10
Updating learning rate to 2.2351741790771485e-11
	iters: 100, epoch: 29 | loss: 0.0863765 (reg: 0.00399)
	iters: 200, epoch: 29 | loss: 0.0908312 (reg: 0.00479)
	iters: 300, epoch: 29 | loss: 0.0842060 (reg: 0.00286)
Epoch: 29 cost time: 4.37347674369812
Epoch: 29, Steps: 387 | Train Loss: 0.0837109 Vali Loss: 0.0848429 Test Loss: 0.0794005
Validation loss decreased (0.084879 --> 0.084843).  Saving model ...
Updating learning rate to 1.1175870895385742e-11
	iters: 100, epoch: 30 | loss: 0.0960216 (reg: 0.00342)
	iters: 200, epoch: 30 | loss: 0.0680081 (reg: 0.00253)
	iters: 300, epoch: 30 | loss: 0.0725665 (reg: 0.00288)
Epoch: 30 cost time: 4.378933668136597
Epoch: 30, Steps: 387 | Train Loss: 0.0837543 Vali Loss: 0.0848345 Test Loss: 0.0794005
Validation loss decreased (0.084843 --> 0.084834).  Saving model ...
Updating learning rate to 5.587935447692871e-12
Training finished. Total time: 4.01 mins
>>>>>>>testing : PEMS08_2016_WithWeather_CAST_PEMS_Climate_ftM_sl96_ll48_pl12_dm64_el2_df2048_eb170_weather_future_0<<<<<<<<<<<<<<<<<<<<<<<<<<<<<<<<<
test 3560
mse:0.07940052449703217, mae:0.18454469740390778
Offset analysis data saved to ./test_results/PEMS08_2016_WithWeather_CAST_PEMS_Climate_ftM_sl96_ll48_pl12_dm64_el2_df2048_eb170_weather_future_0/offsets_analysis.npy
Testing finished. Results appended to results3.csv and result3.txt
